<?xml version="1.0" encoding="UTF-8" ?>
<testsuite tests="1" failures="0" name="br.com.alura.loja.ProdutoTest" time="0.168" errors="0" skipped="0">
  <properties>
    <property name="java.runtime.name" value="OpenJDK Runtime Environment"/>
    <property name="java.vm.version" value="11.0.13+8-LTS"/>
    <property name="sun.boot.library.path" value="C:\Users\miria\java\zulu11.52.13-ca-jdk11.0.13-win_x64\bin"/>
    <property name="jdk.vendor.version" value="Zulu11.52+13-CA"/>
    <property name="maven.multiModuleProjectDirectory" value="C:\Users\miria\eclipse-workspace\loja"/>
    <property name="java.vm.vendor" value="Azul Systems, Inc."/>
    <property name="java.vendor.url" value="http://www.azul.com/"/>
    <property name="guice.disable.misplaced.annotation.check" value="true"/>
    <property name="path.separator" value=";"/>
    <property name="java.vm.name" value="OpenJDK 64-Bit Server VM"/>
    <property name="sun.os.patch.level" value=""/>
    <property name="user.script" value=""/>
    <property name="user.country" value="BR"/>
    <property name="sun.java.launcher" value="SUN_STANDARD"/>
    <property name="java.vm.specification.name" value="Java Virtual Machine Specification"/>
    <property name="user.dir" value="C:\Users\miria\eclipse-workspace\loja"/>
    <property name="java.vm.compressedOopsMode" value="32-bit"/>
    <property name="java.runtime.version" value="11.0.13+8-LTS"/>
    <property name="java.awt.graphicsenv" value="sun.awt.Win32GraphicsEnvironment"/>
    <property name="os.arch" value="amd64"/>
    <property name="java.io.tmpdir" value="C:\Users\miria\AppData\Local\Temp\"/>
    <property name="line.separator" value="
"/>
    <property name="java.vm.specification.vendor" value="Oracle Corporation"/>
    <property name="user.variant" value=""/>
    <property name="os.name" value="Windows 10"/>
    <property name="classworlds.conf" value="C:\Users\miria\Desktop\Alura\Formação-Spring-Boot\Maven\apache-maven-3.8.6-bin\apache-maven-3.8.6\bin\m2.conf"/>
    <property name="sun.jnu.encoding" value="Cp1252"/>
    <property name="java.library.path" value="C:\Users\miria\java\zulu11.52.13-ca-jdk11.0.13-win_x64\bin;C:\WINDOWS\Sun\Java\bin;C:\WINDOWS\system32;C:\WINDOWS;C:\ProgramData\Oracle\Java\javapath;C:\Users\miria\java\zulu11.52.13-ca-jdk11.0.13-win_x64\bin;C:\windows\system32;C:\windows;C:\windows\System32\Wbem;C:\windows\System32\WindowsPowerShell\v1.0\;C:\windows\System32\OpenSSH\;C:\Program Files (x86)\NVIDIA Corporation\PhysX\Common;C:\Program Files\NVIDIA Corporation\NVIDIA NvDLISR;C:\Program Files\Java\jre1.8.0_261\bin;C:\Program Files\Java\jdk1.8.0_261\bin;C:\Program Files\Git\cmd;C:\WINDOWS\system32;C:\WINDOWS;C:\WINDOWS\System32\Wbem;C:\WINDOWS\System32\WindowsPowerShell\v1.0\;C:\WINDOWS\System32\OpenSSH\;C:\java\;C:\Program Files\nodejs\;C:\Program Files\MongoDB\Server\5.0\bin;C:\Program Files\MongoDB\Tools\100\bin;C:\Users\miria\Desktop\Alura\Formação-Spring-Boot\Maven\apache-maven-3.8.6-bin\apache-maven-3.8.6\bin;C:\Program Files\MySQL\MySQL Shell 8.0\bin\;C:\Users\miria\AppData\Local\Microsoft\WindowsApps;C:\Users\REPOS\PyCharm Community Edition 2020.3.3\bin;;C:\Program Files\heroku\bin;C:\Users\miria\AppData\Local\Programs\Microsoft VS Code\bin;C:\Users\miria\AppData\Local\GitHubDesktop\bin;C:\Users\miria\AppData\Roaming\npm;C:\Program Files\MySQL\MySQL Server 8.0\bin;C:\Program Files\JetBrains\IntelliJ IDEA Community Edition 2021.3\bin;;C:\Users\miria\java\zulu11.52.13-ca-jdk11.0.13-win_x64\bin;C:\Users\miria\Desktop\Alura\Formação-Spring-Boot\Maven\apache-maven-3.8.6-bin\apache-maven-3.8.6\bin;;."/>
    <property name="maven.conf" value="C:\Users\miria\Desktop\Alura\Formação-Spring-Boot\Maven\apache-maven-3.8.6-bin\apache-maven-3.8.6/conf"/>
    <property name="jdk.debug" value="release"/>
    <property name="java.class.version" value="55.0"/>
    <property name="java.specification.name" value="Java Platform API Specification"/>
    <property name="sun.management.compiler" value="HotSpot 64-Bit Tiered Compilers"/>
    <property name="os.version" value="10.0"/>
    <property name="library.jansi.path" value="C:\Users\miria\Desktop\Alura\Formação-Spring-Boot\Maven\apache-maven-3.8.6-bin\apache-maven-3.8.6\lib\jansi-native"/>
    <property name="user.home" value="C:\Users\miria"/>
    <property name="user.timezone" value="America/Bahia"/>
    <property name="java.awt.printerjob" value="sun.awt.windows.WPrinterJob"/>
    <property name="file.encoding" value="Cp1252"/>
    <property name="java.specification.version" value="11"/>
    <property name="user.name" value="miria"/>
    <property name="java.class.path" value="C:\Users\miria\Desktop\Alura\Formação-Spring-Boot\Maven\apache-maven-3.8.6-bin\apache-maven-3.8.6\boot\plexus-classworlds-2.6.0.jar"/>
    <property name="java.vm.specification.version" value="11"/>
    <property name="sun.arch.data.model" value="64"/>
    <property name="sun.java.command" value="org.codehaus.plexus.classworlds.launcher.Launcher test"/>
    <property name="java.home" value="C:\Users\miria\java\zulu11.52.13-ca-jdk11.0.13-win_x64"/>
    <property name="user.language" value="pt"/>
    <property name="java.specification.vendor" value="Oracle Corporation"/>
    <property name="awt.toolkit" value="sun.awt.windows.WToolkit"/>
    <property name="java.vm.info" value="mixed mode"/>
    <property name="java.version" value="11.0.13"/>
    <property name="java.vendor" value="Azul Systems, Inc."/>
    <property name="sun.stderr.encoding" value="cp850"/>
    <property name="maven.home" value="C:\Users\miria\Desktop\Alura\Formação-Spring-Boot\Maven\apache-maven-3.8.6-bin\apache-maven-3.8.6"/>
    <property name="file.separator" value="\"/>
    <property name="java.version.date" value="2021-10-19"/>
    <property name="java.vendor.url.bug" value="http://www.azul.com/support/"/>
    <property name="sun.io.unicode.encoding" value="UnicodeLittle"/>
    <property name="sun.cpu.endian" value="little"/>
    <property name="java.vendor.version" value="Zulu11.52+13-CA"/>
    <property name="sun.stdout.encoding" value="cp850"/>
    <property name="sun.desktop" value="windows"/>
    <property name="sun.cpu.isalist" value="amd64"/>
  </properties>
  <testcase classname="br.com.alura.loja.ProdutoTest" name="test" time="0.168"/>
</testsuite>